[2021-08-28 00:22:39] local.ERROR: copy(/Users/taytus/Projects/bookworm//package/batman/first_commit.sh): failed to open stream: Permission denied {"exception":"[object] (ErrorException(code: 0): copy(/Users/taytus/Projects/bookworm//package/batman/first_commit.sh): failed to open stream: Permission denied at /Users/taytus/Projects/bookworm/app/MyClasses/Directory.php:123)
[stacktrace]
#0 [internal function]: Illuminate\\Foundation\\Bootstrap\\HandleExceptions->handleError(2, 'copy(/Users/tay...', '/Users/taytus/P...', 123, Array)
#1 /Users/taytus/Projects/bookworm/app/MyClasses/Directory.php(123): copy('/Users/taytus/P...', '/Users/taytus/P...')
#2 /Users/taytus/Projects/bookworm/app/Console/Commands/package.php(80): App\\MyClasses\\Directory->copy_files_recursively('/Users/taytus/P...', '/Users/taytus/P...')
#3 /Users/taytus/Projects/bookworm/app/Console/Commands/package.php(52): App\\Console\\Commands\\package->clone_package_directory()
#4 /Users/taytus/Projects/bookworm/app/Console/Commands/package.php(49): App\\Console\\Commands\\package->create_package()
#5 /Users/taytus/Projects/bookworm/vendor/laravel/framework/src/Illuminate/Container/BoundMethod.php(36): App\\Console\\Commands\\package->handle()
#6 /Users/taytus/Projects/bookworm/vendor/laravel/framework/src/Illuminate/Container/Util.php(37): Illuminate\\Container\\BoundMethod::Illuminate\\Container\\{closure}()
#7 /Users/taytus/Projects/bookworm/vendor/laravel/framework/src/Illuminate/Container/BoundMethod.php(93): Illuminate\\Container\\Util::unwrapIfClosure(Object(Closure))
#8 /Users/taytus/Projects/bookworm/vendor/laravel/framework/src/Illuminate/Container/BoundMethod.php(37): Illuminate\\Container\\BoundMethod::callBoundMethod(Object(Illuminate\\Foundation\\Application), Array, Object(Closure))
#9 /Users/taytus/Projects/bookworm/vendor/laravel/framework/src/Illuminate/Container/Container.php(590): Illuminate\\Container\\BoundMethod::call(Object(Illuminate\\Foundation\\Application), Array, Array, NULL)
#10 /Users/taytus/Projects/bookworm/vendor/laravel/framework/src/Illuminate/Console/Command.php(134): Illuminate\\Container\\Container->call(Array)
#11 /Users/taytus/Projects/bookworm/vendor/symfony/console/Command/Command.php(255): Illuminate\\Console\\Command->execute(Object(Symfony\\Component\\Console\\Input\\ArgvInput), Object(Illuminate\\Console\\OutputStyle))
#12 /Users/taytus/Projects/bookworm/vendor/laravel/framework/src/Illuminate/Console/Command.php(121): Symfony\\Component\\Console\\Command\\Command->run(Object(Symfony\\Component\\Console\\Input\\ArgvInput), Object(Illuminate\\Console\\OutputStyle))
#13 /Users/taytus/Projects/bookworm/vendor/symfony/console/Application.php(1009): Illuminate\\Console\\Command->run(Object(Symfony\\Component\\Console\\Input\\ArgvInput), Object(Symfony\\Component\\Console\\Output\\ConsoleOutput))
#14 /Users/taytus/Projects/bookworm/vendor/symfony/console/Application.php(273): Symfony\\Component\\Console\\Application->doRunCommand(Object(App\\Console\\Commands\\package), Object(Symfony\\Component\\Console\\Input\\ArgvInput), Object(Symfony\\Component\\Console\\Output\\ConsoleOutput))
#15 /Users/taytus/Projects/bookworm/vendor/symfony/console/Application.php(149): Symfony\\Component\\Console\\Application->doRun(Object(Symfony\\Component\\Console\\Input\\ArgvInput), Object(Symfony\\Component\\Console\\Output\\ConsoleOutput))
#16 /Users/taytus/Projects/bookworm/vendor/laravel/framework/src/Illuminate/Console/Application.php(93): Symfony\\Component\\Console\\Application->run(Object(Symfony\\Component\\Console\\Input\\ArgvInput), Object(Symfony\\Component\\Console\\Output\\ConsoleOutput))
#17 /Users/taytus/Projects/bookworm/vendor/laravel/framework/src/Illuminate/Foundation/Console/Kernel.php(131): Illuminate\\Console\\Application->run(Object(Symfony\\Component\\Console\\Input\\ArgvInput), Object(Symfony\\Component\\Console\\Output\\ConsoleOutput))
#18 /Users/taytus/Projects/bookworm/artisan(37): Illuminate\\Foundation\\Console\\Kernel->handle(Object(Symfony\\Component\\Console\\Input\\ArgvInput), Object(Symfony\\Component\\Console\\Output\\ConsoleOutput))
#19 {main}
"} 
