[2021-08-27 23:03:57] local.ERROR: Command "make_package" is not defined. {"exception":"[object] (Symfony\\Component\\Console\\Exception\\CommandNotFoundException(code: 0): Command \"make_package\" is not defined. at /Users/taytus/Projects/bookworm/vendor/symfony/console/Application.php:676)
[stacktrace]
#0 /Users/taytus/Projects/bookworm/vendor/symfony/console/Application.php(237): Symfony\\Component\\Console\\Application->find('make_package')
#1 /Users/taytus/Projects/bookworm/vendor/symfony/console/Application.php(149): Symfony\\Component\\Console\\Application->doRun(Object(Symfony\\Component\\Console\\Input\\ArgvInput), Object(Symfony\\Component\\Console\\Output\\ConsoleOutput))
#2 /Users/taytus/Projects/bookworm/vendor/laravel/framework/src/Illuminate/Console/Application.php(93): Symfony\\Component\\Console\\Application->run(Object(Symfony\\Component\\Console\\Input\\ArgvInput), Object(Symfony\\Component\\Console\\Output\\ConsoleOutput))
#3 /Users/taytus/Projects/bookworm/vendor/laravel/framework/src/Illuminate/Foundation/Console/Kernel.php(131): Illuminate\\Console\\Application->run(Object(Symfony\\Component\\Console\\Input\\ArgvInput), Object(Symfony\\Component\\Console\\Output\\ConsoleOutput))
#4 /Users/taytus/Projects/bookworm/artisan(37): Illuminate\\Foundation\\Console\\Kernel->handle(Object(Symfony\\Component\\Console\\Input\\ArgvInput), Object(Symfony\\Component\\Console\\Output\\ConsoleOutput))
#5 {main}
"} 
[2021-08-27 23:04:39] local.ERROR: copy(/Users/taytus/Projects/bookworm//package/check_env/first_commit.sh): failed to open stream: Permission denied {"exception":"[object] (ErrorException(code: 0): copy(/Users/taytus/Projects/bookworm//package/check_env/first_commit.sh): failed to open stream: Permission denied at /Users/taytus/Projects/bookworm/app/MyClasses/Directory.php:123)
[stacktrace]
#0 [internal function]: Illuminate\\Foundation\\Bootstrap\\HandleExceptions->handleError(2, 'copy(/Users/tay...', '/Users/taytus/P...', 123, Array)
#1 /Users/taytus/Projects/bookworm/app/MyClasses/Directory.php(123): copy('/Users/taytus/P...', '/Users/taytus/P...')
#2 /Users/taytus/Projects/bookworm/app/Console/Commands/package.php(75): App\\MyClasses\\Directory->copy_files_recursively('/Users/taytus/P...', '/Users/taytus/P...')
#3 /Users/taytus/Projects/bookworm/app/Console/Commands/package.php(51): App\\Console\\Commands\\package->clone_package_directory()
#4 /Users/taytus/Projects/bookworm/app/Console/Commands/package.php(47): App\\Console\\Commands\\package->create_package()
#5 /Users/taytus/Projects/bookworm/vendor/laravel/framework/src/Illuminate/Container/BoundMethod.php(36): App\\Console\\Commands\\package->handle()
#6 /Users/taytus/Projects/bookworm/vendor/laravel/framework/src/Illuminate/Container/Util.php(37): Illuminate\\Container\\BoundMethod::Illuminate\\Container\\{closure}()
#7 /Users/taytus/Projects/bookworm/vendor/laravel/framework/src/Illuminate/Container/BoundMethod.php(93): Illuminate\\Container\\Util::unwrapIfClosure(Object(Closure))
#8 /Users/taytus/Projects/bookworm/vendor/laravel/framework/src/Illuminate/Container/BoundMethod.php(37): Illuminate\\Container\\BoundMethod::callBoundMethod(Object(Illuminate\\Foundation\\Application), Array, Object(Closure))
#9 /Users/taytus/Projects/bookworm/vendor/laravel/framework/src/Illuminate/Container/Container.php(590): Illuminate\\Container\\BoundMethod::call(Object(Illuminate\\Foundation\\Application), Array, Array, NULL)
#10 /Users/taytus/Projects/bookworm/vendor/laravel/framework/src/Illuminate/Console/Command.php(134): Illuminate\\Container\\Container->call(Array)
#11 /Users/taytus/Projects/bookworm/vendor/symfony/console/Command/Command.php(255): Illuminate\\Console\\Command->execute(Object(Symfony\\Component\\Console\\Input\\ArgvInput), Object(Illuminate\\Console\\OutputStyle))
#12 /Users/taytus/Projects/bookworm/vendor/laravel/framework/src/Illuminate/Console/Command.php(121): Symfony\\Component\\Console\\Command\\Command->run(Object(Symfony\\Component\\Console\\Input\\ArgvInput), Object(Illuminate\\Console\\OutputStyle))
#13 /Users/taytus/Projects/bookworm/vendor/symfony/console/Application.php(1009): Illuminate\\Console\\Command->run(Object(Symfony\\Component\\Console\\Input\\ArgvInput), Object(Symfony\\Component\\Console\\Output\\ConsoleOutput))
#14 /Users/taytus/Projects/bookworm/vendor/symfony/console/Application.php(273): Symfony\\Component\\Console\\Application->doRunCommand(Object(App\\Console\\Commands\\package), Object(Symfony\\Component\\Console\\Input\\ArgvInput), Object(Symfony\\Component\\Console\\Output\\ConsoleOutput))
#15 /Users/taytus/Projects/bookworm/vendor/symfony/console/Application.php(149): Symfony\\Component\\Console\\Application->doRun(Object(Symfony\\Component\\Console\\Input\\ArgvInput), Object(Symfony\\Component\\Console\\Output\\ConsoleOutput))
#16 /Users/taytus/Projects/bookworm/vendor/laravel/framework/src/Illuminate/Console/Application.php(93): Symfony\\Component\\Console\\Application->run(Object(Symfony\\Component\\Console\\Input\\ArgvInput), Object(Symfony\\Component\\Console\\Output\\ConsoleOutput))
#17 /Users/taytus/Projects/bookworm/vendor/laravel/framework/src/Illuminate/Foundation/Console/Kernel.php(131): Illuminate\\Console\\Application->run(Object(Symfony\\Component\\Console\\Input\\ArgvInput), Object(Symfony\\Component\\Console\\Output\\ConsoleOutput))
#18 /Users/taytus/Projects/bookworm/artisan(37): Illuminate\\Foundation\\Console\\Kernel->handle(Object(Symfony\\Component\\Console\\Input\\ArgvInput), Object(Symfony\\Component\\Console\\Output\\ConsoleOutput))
#19 {main}
"} 
[2021-08-27 23:12:04] local.ERROR: Call to a member function getOption() on null {"exception":"[object] (Symfony\\Component\\Debug\\Exception\\FatalThrowableError(code: 0): Call to a member function getOption() on null at /Users/taytus/Projects/bookworm/vendor/laravel/framework/src/Illuminate/Console/Concerns/InteractsWithIO.php:110)
[stacktrace]
#0 /Users/taytus/Projects/bookworm/app/Console/Commands/package.php(36): Illuminate\\Console\\Command->option('debug')
#1 [internal function]: App\\Console\\Commands\\package->__construct()
#2 /Users/taytus/Projects/bookworm/vendor/laravel/framework/src/Illuminate/Container/Container.php(843): ReflectionClass->newInstanceArgs(Array)
#3 /Users/taytus/Projects/bookworm/vendor/laravel/framework/src/Illuminate/Container/Container.php(681): Illuminate\\Container\\Container->build('App\\\\Console\\\\Com...')
#4 /Users/taytus/Projects/bookworm/vendor/laravel/framework/src/Illuminate/Foundation/Application.php(785): Illuminate\\Container\\Container->resolve('App\\\\Console\\\\Com...', Array, true)
#5 /Users/taytus/Projects/bookworm/vendor/laravel/framework/src/Illuminate/Container/Container.php(629): Illuminate\\Foundation\\Application->resolve('App\\\\Console\\\\Com...', Array)
#6 /Users/taytus/Projects/bookworm/vendor/laravel/framework/src/Illuminate/Foundation/Application.php(770): Illuminate\\Container\\Container->make('App\\\\Console\\\\Com...', Array)
#7 /Users/taytus/Projects/bookworm/vendor/laravel/framework/src/Illuminate/Console/Application.php(261): Illuminate\\Foundation\\Application->make('App\\\\Console\\\\Com...')
#8 /Users/taytus/Projects/bookworm/vendor/laravel/framework/src/Illuminate/Foundation/Console/Kernel.php(242): Illuminate\\Console\\Application->resolve('App\\\\Console\\\\Com...')
#9 /Users/taytus/Projects/bookworm/vendor/laravel/framework/src/Illuminate/Console/Application.php(152): Illuminate\\Foundation\\Console\\Kernel->Illuminate\\Foundation\\Console\\{closure}(Object(Illuminate\\Console\\Application))
#10 /Users/taytus/Projects/bookworm/vendor/laravel/framework/src/Illuminate/Console/Application.php(75): Illuminate\\Console\\Application->bootstrap()
#11 /Users/taytus/Projects/bookworm/vendor/laravel/framework/src/Illuminate/Foundation/Console/Kernel.php(340): Illuminate\\Console\\Application->__construct(Object(Illuminate\\Foundation\\Application), Object(Illuminate\\Events\\Dispatcher), '6.20.32')
#12 /Users/taytus/Projects/bookworm/vendor/laravel/framework/src/Illuminate/Foundation/Console/Kernel.php(131): Illuminate\\Foundation\\Console\\Kernel->getArtisan()
#13 /Users/taytus/Projects/bookworm/artisan(37): Illuminate\\Foundation\\Console\\Kernel->handle(Object(Symfony\\Component\\Console\\Input\\ArgvInput), Object(Symfony\\Component\\Console\\Output\\ConsoleOutput))
#14 {main}
"} 
[2021-08-27 23:12:25] local.ERROR: The "debug" option does not exist. {"exception":"[object] (Symfony\\Component\\Console\\Exception\\InvalidArgumentException(code: 0): The \"debug\" option does not exist. at /Users/taytus/Projects/bookworm/vendor/symfony/console/Input/Input.php:150)
[stacktrace]
#0 /Users/taytus/Projects/bookworm/vendor/laravel/framework/src/Illuminate/Console/Concerns/InteractsWithIO.php(110): Symfony\\Component\\Console\\Input\\Input->getOption('debug')
#1 /Users/taytus/Projects/bookworm/app/Console/Commands/package.php(46): Illuminate\\Console\\Command->option('debug')
#2 /Users/taytus/Projects/bookworm/vendor/laravel/framework/src/Illuminate/Container/BoundMethod.php(36): App\\Console\\Commands\\package->handle()
#3 /Users/taytus/Projects/bookworm/vendor/laravel/framework/src/Illuminate/Container/Util.php(37): Illuminate\\Container\\BoundMethod::Illuminate\\Container\\{closure}()
#4 /Users/taytus/Projects/bookworm/vendor/laravel/framework/src/Illuminate/Container/BoundMethod.php(93): Illuminate\\Container\\Util::unwrapIfClosure(Object(Closure))
#5 /Users/taytus/Projects/bookworm/vendor/laravel/framework/src/Illuminate/Container/BoundMethod.php(37): Illuminate\\Container\\BoundMethod::callBoundMethod(Object(Illuminate\\Foundation\\Application), Array, Object(Closure))
#6 /Users/taytus/Projects/bookworm/vendor/laravel/framework/src/Illuminate/Container/Container.php(590): Illuminate\\Container\\BoundMethod::call(Object(Illuminate\\Foundation\\Application), Array, Array, NULL)
#7 /Users/taytus/Projects/bookworm/vendor/laravel/framework/src/Illuminate/Console/Command.php(134): Illuminate\\Container\\Container->call(Array)
#8 /Users/taytus/Projects/bookworm/vendor/symfony/console/Command/Command.php(255): Illuminate\\Console\\Command->execute(Object(Symfony\\Component\\Console\\Input\\ArgvInput), Object(Illuminate\\Console\\OutputStyle))
#9 /Users/taytus/Projects/bookworm/vendor/laravel/framework/src/Illuminate/Console/Command.php(121): Symfony\\Component\\Console\\Command\\Command->run(Object(Symfony\\Component\\Console\\Input\\ArgvInput), Object(Illuminate\\Console\\OutputStyle))
#10 /Users/taytus/Projects/bookworm/vendor/symfony/console/Application.php(1009): Illuminate\\Console\\Command->run(Object(Symfony\\Component\\Console\\Input\\ArgvInput), Object(Symfony\\Component\\Console\\Output\\ConsoleOutput))
#11 /Users/taytus/Projects/bookworm/vendor/symfony/console/Application.php(273): Symfony\\Component\\Console\\Application->doRunCommand(Object(App\\Console\\Commands\\package), Object(Symfony\\Component\\Console\\Input\\ArgvInput), Object(Symfony\\Component\\Console\\Output\\ConsoleOutput))
#12 /Users/taytus/Projects/bookworm/vendor/symfony/console/Application.php(149): Symfony\\Component\\Console\\Application->doRun(Object(Symfony\\Component\\Console\\Input\\ArgvInput), Object(Symfony\\Component\\Console\\Output\\ConsoleOutput))
#13 /Users/taytus/Projects/bookworm/vendor/laravel/framework/src/Illuminate/Console/Application.php(93): Symfony\\Component\\Console\\Application->run(Object(Symfony\\Component\\Console\\Input\\ArgvInput), Object(Symfony\\Component\\Console\\Output\\ConsoleOutput))
#14 /Users/taytus/Projects/bookworm/vendor/laravel/framework/src/Illuminate/Foundation/Console/Kernel.php(131): Illuminate\\Console\\Application->run(Object(Symfony\\Component\\Console\\Input\\ArgvInput), Object(Symfony\\Component\\Console\\Output\\ConsoleOutput))
#15 /Users/taytus/Projects/bookworm/artisan(37): Illuminate\\Foundation\\Console\\Kernel->handle(Object(Symfony\\Component\\Console\\Input\\ArgvInput), Object(Symfony\\Component\\Console\\Output\\ConsoleOutput))
#16 {main}
"} 
[2021-08-27 23:12:40] local.ERROR: The "debug" option does not exist. {"exception":"[object] (Symfony\\Component\\Console\\Exception\\InvalidArgumentException(code: 0): The \"debug\" option does not exist. at /Users/taytus/Projects/bookworm/vendor/symfony/console/Input/Input.php:150)
[stacktrace]
#0 /Users/taytus/Projects/bookworm/vendor/laravel/framework/src/Illuminate/Console/Concerns/InteractsWithIO.php(110): Symfony\\Component\\Console\\Input\\Input->getOption('debug')
#1 /Users/taytus/Projects/bookworm/app/Console/Commands/package.php(46): Illuminate\\Console\\Command->option('debug')
#2 /Users/taytus/Projects/bookworm/vendor/laravel/framework/src/Illuminate/Container/BoundMethod.php(36): App\\Console\\Commands\\package->handle()
#3 /Users/taytus/Projects/bookworm/vendor/laravel/framework/src/Illuminate/Container/Util.php(37): Illuminate\\Container\\BoundMethod::Illuminate\\Container\\{closure}()
#4 /Users/taytus/Projects/bookworm/vendor/laravel/framework/src/Illuminate/Container/BoundMethod.php(93): Illuminate\\Container\\Util::unwrapIfClosure(Object(Closure))
#5 /Users/taytus/Projects/bookworm/vendor/laravel/framework/src/Illuminate/Container/BoundMethod.php(37): Illuminate\\Container\\BoundMethod::callBoundMethod(Object(Illuminate\\Foundation\\Application), Array, Object(Closure))
#6 /Users/taytus/Projects/bookworm/vendor/laravel/framework/src/Illuminate/Container/Container.php(590): Illuminate\\Container\\BoundMethod::call(Object(Illuminate\\Foundation\\Application), Array, Array, NULL)
#7 /Users/taytus/Projects/bookworm/vendor/laravel/framework/src/Illuminate/Console/Command.php(134): Illuminate\\Container\\Container->call(Array)
#8 /Users/taytus/Projects/bookworm/vendor/symfony/console/Command/Command.php(255): Illuminate\\Console\\Command->execute(Object(Symfony\\Component\\Console\\Input\\ArgvInput), Object(Illuminate\\Console\\OutputStyle))
#9 /Users/taytus/Projects/bookworm/vendor/laravel/framework/src/Illuminate/Console/Command.php(121): Symfony\\Component\\Console\\Command\\Command->run(Object(Symfony\\Component\\Console\\Input\\ArgvInput), Object(Illuminate\\Console\\OutputStyle))
#10 /Users/taytus/Projects/bookworm/vendor/symfony/console/Application.php(1009): Illuminate\\Console\\Command->run(Object(Symfony\\Component\\Console\\Input\\ArgvInput), Object(Symfony\\Component\\Console\\Output\\ConsoleOutput))
#11 /Users/taytus/Projects/bookworm/vendor/symfony/console/Application.php(273): Symfony\\Component\\Console\\Application->doRunCommand(Object(App\\Console\\Commands\\package), Object(Symfony\\Component\\Console\\Input\\ArgvInput), Object(Symfony\\Component\\Console\\Output\\ConsoleOutput))
#12 /Users/taytus/Projects/bookworm/vendor/symfony/console/Application.php(149): Symfony\\Component\\Console\\Application->doRun(Object(Symfony\\Component\\Console\\Input\\ArgvInput), Object(Symfony\\Component\\Console\\Output\\ConsoleOutput))
#13 /Users/taytus/Projects/bookworm/vendor/laravel/framework/src/Illuminate/Console/Application.php(93): Symfony\\Component\\Console\\Application->run(Object(Symfony\\Component\\Console\\Input\\ArgvInput), Object(Symfony\\Component\\Console\\Output\\ConsoleOutput))
#14 /Users/taytus/Projects/bookworm/vendor/laravel/framework/src/Illuminate/Foundation/Console/Kernel.php(131): Illuminate\\Console\\Application->run(Object(Symfony\\Component\\Console\\Input\\ArgvInput), Object(Symfony\\Component\\Console\\Output\\ConsoleOutput))
#15 /Users/taytus/Projects/bookworm/artisan(37): Illuminate\\Foundation\\Console\\Kernel->handle(Object(Symfony\\Component\\Console\\Input\\ArgvInput), Object(Symfony\\Component\\Console\\Output\\ConsoleOutput))
#16 {main}
"} 
[2021-08-27 23:13:45] local.ERROR: The "debug" option does not exist. {"exception":"[object] (Symfony\\Component\\Console\\Exception\\InvalidArgumentException(code: 0): The \"debug\" option does not exist. at /Users/taytus/Projects/bookworm/vendor/symfony/console/Input/Input.php:150)
[stacktrace]
#0 /Users/taytus/Projects/bookworm/vendor/laravel/framework/src/Illuminate/Console/Concerns/InteractsWithIO.php(110): Symfony\\Component\\Console\\Input\\Input->getOption('debug')
#1 /Users/taytus/Projects/bookworm/app/Console/Commands/package.php(46): Illuminate\\Console\\Command->option('debug')
#2 /Users/taytus/Projects/bookworm/vendor/laravel/framework/src/Illuminate/Container/BoundMethod.php(36): App\\Console\\Commands\\package->handle()
#3 /Users/taytus/Projects/bookworm/vendor/laravel/framework/src/Illuminate/Container/Util.php(37): Illuminate\\Container\\BoundMethod::Illuminate\\Container\\{closure}()
#4 /Users/taytus/Projects/bookworm/vendor/laravel/framework/src/Illuminate/Container/BoundMethod.php(93): Illuminate\\Container\\Util::unwrapIfClosure(Object(Closure))
#5 /Users/taytus/Projects/bookworm/vendor/laravel/framework/src/Illuminate/Container/BoundMethod.php(37): Illuminate\\Container\\BoundMethod::callBoundMethod(Object(Illuminate\\Foundation\\Application), Array, Object(Closure))
#6 /Users/taytus/Projects/bookworm/vendor/laravel/framework/src/Illuminate/Container/Container.php(590): Illuminate\\Container\\BoundMethod::call(Object(Illuminate\\Foundation\\Application), Array, Array, NULL)
#7 /Users/taytus/Projects/bookworm/vendor/laravel/framework/src/Illuminate/Console/Command.php(134): Illuminate\\Container\\Container->call(Array)
#8 /Users/taytus/Projects/bookworm/vendor/symfony/console/Command/Command.php(255): Illuminate\\Console\\Command->execute(Object(Symfony\\Component\\Console\\Input\\ArgvInput), Object(Illuminate\\Console\\OutputStyle))
#9 /Users/taytus/Projects/bookworm/vendor/laravel/framework/src/Illuminate/Console/Command.php(121): Symfony\\Component\\Console\\Command\\Command->run(Object(Symfony\\Component\\Console\\Input\\ArgvInput), Object(Illuminate\\Console\\OutputStyle))
#10 /Users/taytus/Projects/bookworm/vendor/symfony/console/Application.php(1009): Illuminate\\Console\\Command->run(Object(Symfony\\Component\\Console\\Input\\ArgvInput), Object(Symfony\\Component\\Console\\Output\\ConsoleOutput))
#11 /Users/taytus/Projects/bookworm/vendor/symfony/console/Application.php(273): Symfony\\Component\\Console\\Application->doRunCommand(Object(App\\Console\\Commands\\package), Object(Symfony\\Component\\Console\\Input\\ArgvInput), Object(Symfony\\Component\\Console\\Output\\ConsoleOutput))
#12 /Users/taytus/Projects/bookworm/vendor/symfony/console/Application.php(149): Symfony\\Component\\Console\\Application->doRun(Object(Symfony\\Component\\Console\\Input\\ArgvInput), Object(Symfony\\Component\\Console\\Output\\ConsoleOutput))
#13 /Users/taytus/Projects/bookworm/vendor/laravel/framework/src/Illuminate/Console/Application.php(93): Symfony\\Component\\Console\\Application->run(Object(Symfony\\Component\\Console\\Input\\ArgvInput), Object(Symfony\\Component\\Console\\Output\\ConsoleOutput))
#14 /Users/taytus/Projects/bookworm/vendor/laravel/framework/src/Illuminate/Foundation/Console/Kernel.php(131): Illuminate\\Console\\Application->run(Object(Symfony\\Component\\Console\\Input\\ArgvInput), Object(Symfony\\Component\\Console\\Output\\ConsoleOutput))
#15 /Users/taytus/Projects/bookworm/artisan(37): Illuminate\\Foundation\\Console\\Kernel->handle(Object(Symfony\\Component\\Console\\Input\\ArgvInput), Object(Symfony\\Component\\Console\\Output\\ConsoleOutput))
#16 {main}
"} 
[2021-08-27 23:13:52] local.ERROR: The "debug" option does not exist. {"exception":"[object] (Symfony\\Component\\Console\\Exception\\InvalidArgumentException(code: 0): The \"debug\" option does not exist. at /Users/taytus/Projects/bookworm/vendor/symfony/console/Input/Input.php:150)
[stacktrace]
#0 /Users/taytus/Projects/bookworm/vendor/laravel/framework/src/Illuminate/Console/Concerns/InteractsWithIO.php(110): Symfony\\Component\\Console\\Input\\Input->getOption('debug')
#1 /Users/taytus/Projects/bookworm/app/Console/Commands/package.php(46): Illuminate\\Console\\Command->option('debug')
#2 /Users/taytus/Projects/bookworm/vendor/laravel/framework/src/Illuminate/Container/BoundMethod.php(36): App\\Console\\Commands\\package->handle()
#3 /Users/taytus/Projects/bookworm/vendor/laravel/framework/src/Illuminate/Container/Util.php(37): Illuminate\\Container\\BoundMethod::Illuminate\\Container\\{closure}()
#4 /Users/taytus/Projects/bookworm/vendor/laravel/framework/src/Illuminate/Container/BoundMethod.php(93): Illuminate\\Container\\Util::unwrapIfClosure(Object(Closure))
#5 /Users/taytus/Projects/bookworm/vendor/laravel/framework/src/Illuminate/Container/BoundMethod.php(37): Illuminate\\Container\\BoundMethod::callBoundMethod(Object(Illuminate\\Foundation\\Application), Array, Object(Closure))
#6 /Users/taytus/Projects/bookworm/vendor/laravel/framework/src/Illuminate/Container/Container.php(590): Illuminate\\Container\\BoundMethod::call(Object(Illuminate\\Foundation\\Application), Array, Array, NULL)
#7 /Users/taytus/Projects/bookworm/vendor/laravel/framework/src/Illuminate/Console/Command.php(134): Illuminate\\Container\\Container->call(Array)
#8 /Users/taytus/Projects/bookworm/vendor/symfony/console/Command/Command.php(255): Illuminate\\Console\\Command->execute(Object(Symfony\\Component\\Console\\Input\\ArgvInput), Object(Illuminate\\Console\\OutputStyle))
#9 /Users/taytus/Projects/bookworm/vendor/laravel/framework/src/Illuminate/Console/Command.php(121): Symfony\\Component\\Console\\Command\\Command->run(Object(Symfony\\Component\\Console\\Input\\ArgvInput), Object(Illuminate\\Console\\OutputStyle))
#10 /Users/taytus/Projects/bookworm/vendor/symfony/console/Application.php(1009): Illuminate\\Console\\Command->run(Object(Symfony\\Component\\Console\\Input\\ArgvInput), Object(Symfony\\Component\\Console\\Output\\ConsoleOutput))
#11 /Users/taytus/Projects/bookworm/vendor/symfony/console/Application.php(273): Symfony\\Component\\Console\\Application->doRunCommand(Object(App\\Console\\Commands\\package), Object(Symfony\\Component\\Console\\Input\\ArgvInput), Object(Symfony\\Component\\Console\\Output\\ConsoleOutput))
#12 /Users/taytus/Projects/bookworm/vendor/symfony/console/Application.php(149): Symfony\\Component\\Console\\Application->doRun(Object(Symfony\\Component\\Console\\Input\\ArgvInput), Object(Symfony\\Component\\Console\\Output\\ConsoleOutput))
#13 /Users/taytus/Projects/bookworm/vendor/laravel/framework/src/Illuminate/Console/Application.php(93): Symfony\\Component\\Console\\Application->run(Object(Symfony\\Component\\Console\\Input\\ArgvInput), Object(Symfony\\Component\\Console\\Output\\ConsoleOutput))
#14 /Users/taytus/Projects/bookworm/vendor/laravel/framework/src/Illuminate/Foundation/Console/Kernel.php(131): Illuminate\\Console\\Application->run(Object(Symfony\\Component\\Console\\Input\\ArgvInput), Object(Symfony\\Component\\Console\\Output\\ConsoleOutput))
#15 /Users/taytus/Projects/bookworm/artisan(37): Illuminate\\Foundation\\Console\\Kernel->handle(Object(Symfony\\Component\\Console\\Input\\ArgvInput), Object(Symfony\\Component\\Console\\Output\\ConsoleOutput))
#16 {main}
"} 
[2021-08-27 23:14:26] local.ERROR: The "debug" argument does not exist. {"exception":"[object] (Symfony\\Component\\Console\\Exception\\InvalidArgumentException(code: 0): The \"debug\" argument does not exist. at /Users/taytus/Projects/bookworm/vendor/symfony/console/Input/Input.php:110)
[stacktrace]
#0 /Users/taytus/Projects/bookworm/vendor/laravel/framework/src/Illuminate/Console/Concerns/InteractsWithIO.php(74): Symfony\\Component\\Console\\Input\\Input->getArgument('debug')
#1 /Users/taytus/Projects/bookworm/app/Console/Commands/package.php(46): Illuminate\\Console\\Command->argument('debug')
#2 /Users/taytus/Projects/bookworm/vendor/laravel/framework/src/Illuminate/Container/BoundMethod.php(36): App\\Console\\Commands\\package->handle()
#3 /Users/taytus/Projects/bookworm/vendor/laravel/framework/src/Illuminate/Container/Util.php(37): Illuminate\\Container\\BoundMethod::Illuminate\\Container\\{closure}()
#4 /Users/taytus/Projects/bookworm/vendor/laravel/framework/src/Illuminate/Container/BoundMethod.php(93): Illuminate\\Container\\Util::unwrapIfClosure(Object(Closure))
#5 /Users/taytus/Projects/bookworm/vendor/laravel/framework/src/Illuminate/Container/BoundMethod.php(37): Illuminate\\Container\\BoundMethod::callBoundMethod(Object(Illuminate\\Foundation\\Application), Array, Object(Closure))
#6 /Users/taytus/Projects/bookworm/vendor/laravel/framework/src/Illuminate/Container/Container.php(590): Illuminate\\Container\\BoundMethod::call(Object(Illuminate\\Foundation\\Application), Array, Array, NULL)
#7 /Users/taytus/Projects/bookworm/vendor/laravel/framework/src/Illuminate/Console/Command.php(134): Illuminate\\Container\\Container->call(Array)
#8 /Users/taytus/Projects/bookworm/vendor/symfony/console/Command/Command.php(255): Illuminate\\Console\\Command->execute(Object(Symfony\\Component\\Console\\Input\\ArgvInput), Object(Illuminate\\Console\\OutputStyle))
#9 /Users/taytus/Projects/bookworm/vendor/laravel/framework/src/Illuminate/Console/Command.php(121): Symfony\\Component\\Console\\Command\\Command->run(Object(Symfony\\Component\\Console\\Input\\ArgvInput), Object(Illuminate\\Console\\OutputStyle))
#10 /Users/taytus/Projects/bookworm/vendor/symfony/console/Application.php(1009): Illuminate\\Console\\Command->run(Object(Symfony\\Component\\Console\\Input\\ArgvInput), Object(Symfony\\Component\\Console\\Output\\ConsoleOutput))
#11 /Users/taytus/Projects/bookworm/vendor/symfony/console/Application.php(273): Symfony\\Component\\Console\\Application->doRunCommand(Object(App\\Console\\Commands\\package), Object(Symfony\\Component\\Console\\Input\\ArgvInput), Object(Symfony\\Component\\Console\\Output\\ConsoleOutput))
#12 /Users/taytus/Projects/bookworm/vendor/symfony/console/Application.php(149): Symfony\\Component\\Console\\Application->doRun(Object(Symfony\\Component\\Console\\Input\\ArgvInput), Object(Symfony\\Component\\Console\\Output\\ConsoleOutput))
#13 /Users/taytus/Projects/bookworm/vendor/laravel/framework/src/Illuminate/Console/Application.php(93): Symfony\\Component\\Console\\Application->run(Object(Symfony\\Component\\Console\\Input\\ArgvInput), Object(Symfony\\Component\\Console\\Output\\ConsoleOutput))
#14 /Users/taytus/Projects/bookworm/vendor/laravel/framework/src/Illuminate/Foundation/Console/Kernel.php(131): Illuminate\\Console\\Application->run(Object(Symfony\\Component\\Console\\Input\\ArgvInput), Object(Symfony\\Component\\Console\\Output\\ConsoleOutput))
#15 /Users/taytus/Projects/bookworm/artisan(37): Illuminate\\Foundation\\Console\\Kernel->handle(Object(Symfony\\Component\\Console\\Input\\ArgvInput), Object(Symfony\\Component\\Console\\Output\\ConsoleOutput))
#16 {main}
"} 
[2021-08-27 23:16:26] local.ERROR: copy(/Users/taytus/Projects/bookworm//package/a/first_commit.sh): failed to open stream: Permission denied {"exception":"[object] (ErrorException(code: 0): copy(/Users/taytus/Projects/bookworm//package/a/first_commit.sh): failed to open stream: Permission denied at /Users/taytus/Projects/bookworm/app/MyClasses/Directory.php:123)
[stacktrace]
#0 [internal function]: Illuminate\\Foundation\\Bootstrap\\HandleExceptions->handleError(2, 'copy(/Users/tay...', '/Users/taytus/P...', 123, Array)
#1 /Users/taytus/Projects/bookworm/app/MyClasses/Directory.php(123): copy('/Users/taytus/P...', '/Users/taytus/P...')
#2 /Users/taytus/Projects/bookworm/app/Console/Commands/package.php(78): App\\MyClasses\\Directory->copy_files_recursively('/Users/taytus/P...', '/Users/taytus/P...')
#3 /Users/taytus/Projects/bookworm/app/Console/Commands/package.php(52): App\\Console\\Commands\\package->clone_package_directory()
#4 /Users/taytus/Projects/bookworm/app/Console/Commands/package.php(49): App\\Console\\Commands\\package->create_package()
#5 /Users/taytus/Projects/bookworm/vendor/laravel/framework/src/Illuminate/Container/BoundMethod.php(36): App\\Console\\Commands\\package->handle()
#6 /Users/taytus/Projects/bookworm/vendor/laravel/framework/src/Illuminate/Container/Util.php(37): Illuminate\\Container\\BoundMethod::Illuminate\\Container\\{closure}()
#7 /Users/taytus/Projects/bookworm/vendor/laravel/framework/src/Illuminate/Container/BoundMethod.php(93): Illuminate\\Container\\Util::unwrapIfClosure(Object(Closure))
#8 /Users/taytus/Projects/bookworm/vendor/laravel/framework/src/Illuminate/Container/BoundMethod.php(37): Illuminate\\Container\\BoundMethod::callBoundMethod(Object(Illuminate\\Foundation\\Application), Array, Object(Closure))
#9 /Users/taytus/Projects/bookworm/vendor/laravel/framework/src/Illuminate/Container/Container.php(590): Illuminate\\Container\\BoundMethod::call(Object(Illuminate\\Foundation\\Application), Array, Array, NULL)
#10 /Users/taytus/Projects/bookworm/vendor/laravel/framework/src/Illuminate/Console/Command.php(134): Illuminate\\Container\\Container->call(Array)
#11 /Users/taytus/Projects/bookworm/vendor/symfony/console/Command/Command.php(255): Illuminate\\Console\\Command->execute(Object(Symfony\\Component\\Console\\Input\\ArgvInput), Object(Illuminate\\Console\\OutputStyle))
#12 /Users/taytus/Projects/bookworm/vendor/laravel/framework/src/Illuminate/Console/Command.php(121): Symfony\\Component\\Console\\Command\\Command->run(Object(Symfony\\Component\\Console\\Input\\ArgvInput), Object(Illuminate\\Console\\OutputStyle))
#13 /Users/taytus/Projects/bookworm/vendor/symfony/console/Application.php(1009): Illuminate\\Console\\Command->run(Object(Symfony\\Component\\Console\\Input\\ArgvInput), Object(Symfony\\Component\\Console\\Output\\ConsoleOutput))
#14 /Users/taytus/Projects/bookworm/vendor/symfony/console/Application.php(273): Symfony\\Component\\Console\\Application->doRunCommand(Object(App\\Console\\Commands\\package), Object(Symfony\\Component\\Console\\Input\\ArgvInput), Object(Symfony\\Component\\Console\\Output\\ConsoleOutput))
#15 /Users/taytus/Projects/bookworm/vendor/symfony/console/Application.php(149): Symfony\\Component\\Console\\Application->doRun(Object(Symfony\\Component\\Console\\Input\\ArgvInput), Object(Symfony\\Component\\Console\\Output\\ConsoleOutput))
#16 /Users/taytus/Projects/bookworm/vendor/laravel/framework/src/Illuminate/Console/Application.php(93): Symfony\\Component\\Console\\Application->run(Object(Symfony\\Component\\Console\\Input\\ArgvInput), Object(Symfony\\Component\\Console\\Output\\ConsoleOutput))
#17 /Users/taytus/Projects/bookworm/vendor/laravel/framework/src/Illuminate/Foundation/Console/Kernel.php(131): Illuminate\\Console\\Application->run(Object(Symfony\\Component\\Console\\Input\\ArgvInput), Object(Symfony\\Component\\Console\\Output\\ConsoleOutput))
#18 /Users/taytus/Projects/bookworm/artisan(37): Illuminate\\Foundation\\Console\\Kernel->handle(Object(Symfony\\Component\\Console\\Input\\ArgvInput), Object(Symfony\\Component\\Console\\Output\\ConsoleOutput))
#19 {main}
"} 
[2021-08-27 23:16:37] local.ERROR: Not enough arguments (missing: "debug"). {"exception":"[object] (Symfony\\Component\\Console\\Exception\\RuntimeException(code: 0): Not enough arguments (missing: \"debug\"). at /Users/taytus/Projects/bookworm/vendor/symfony/console/Input/Input.php:76)
[stacktrace]
#0 /Users/taytus/Projects/bookworm/vendor/symfony/console/Command/Command.php(250): Symfony\\Component\\Console\\Input\\Input->validate()
#1 /Users/taytus/Projects/bookworm/vendor/laravel/framework/src/Illuminate/Console/Command.php(121): Symfony\\Component\\Console\\Command\\Command->run(Object(Symfony\\Component\\Console\\Input\\ArgvInput), Object(Illuminate\\Console\\OutputStyle))
#2 /Users/taytus/Projects/bookworm/vendor/symfony/console/Application.php(1009): Illuminate\\Console\\Command->run(Object(Symfony\\Component\\Console\\Input\\ArgvInput), Object(Symfony\\Component\\Console\\Output\\ConsoleOutput))
#3 /Users/taytus/Projects/bookworm/vendor/symfony/console/Application.php(273): Symfony\\Component\\Console\\Application->doRunCommand(Object(App\\Console\\Commands\\package), Object(Symfony\\Component\\Console\\Input\\ArgvInput), Object(Symfony\\Component\\Console\\Output\\ConsoleOutput))
#4 /Users/taytus/Projects/bookworm/vendor/symfony/console/Application.php(149): Symfony\\Component\\Console\\Application->doRun(Object(Symfony\\Component\\Console\\Input\\ArgvInput), Object(Symfony\\Component\\Console\\Output\\ConsoleOutput))
#5 /Users/taytus/Projects/bookworm/vendor/laravel/framework/src/Illuminate/Console/Application.php(93): Symfony\\Component\\Console\\Application->run(Object(Symfony\\Component\\Console\\Input\\ArgvInput), Object(Symfony\\Component\\Console\\Output\\ConsoleOutput))
#6 /Users/taytus/Projects/bookworm/vendor/laravel/framework/src/Illuminate/Foundation/Console/Kernel.php(131): Illuminate\\Console\\Application->run(Object(Symfony\\Component\\Console\\Input\\ArgvInput), Object(Symfony\\Component\\Console\\Output\\ConsoleOutput))
#7 /Users/taytus/Projects/bookworm/artisan(37): Illuminate\\Foundation\\Console\\Kernel->handle(Object(Symfony\\Component\\Console\\Input\\ArgvInput), Object(Symfony\\Component\\Console\\Output\\ConsoleOutput))
#8 {main}
"} 
[2021-08-27 23:16:42] local.ERROR: Not enough arguments (missing: "debug"). {"exception":"[object] (Symfony\\Component\\Console\\Exception\\RuntimeException(code: 0): Not enough arguments (missing: \"debug\"). at /Users/taytus/Projects/bookworm/vendor/symfony/console/Input/Input.php:76)
[stacktrace]
#0 /Users/taytus/Projects/bookworm/vendor/symfony/console/Command/Command.php(250): Symfony\\Component\\Console\\Input\\Input->validate()
#1 /Users/taytus/Projects/bookworm/vendor/laravel/framework/src/Illuminate/Console/Command.php(121): Symfony\\Component\\Console\\Command\\Command->run(Object(Symfony\\Component\\Console\\Input\\ArgvInput), Object(Illuminate\\Console\\OutputStyle))
#2 /Users/taytus/Projects/bookworm/vendor/symfony/console/Application.php(1009): Illuminate\\Console\\Command->run(Object(Symfony\\Component\\Console\\Input\\ArgvInput), Object(Symfony\\Component\\Console\\Output\\ConsoleOutput))
#3 /Users/taytus/Projects/bookworm/vendor/symfony/console/Application.php(273): Symfony\\Component\\Console\\Application->doRunCommand(Object(App\\Console\\Commands\\package), Object(Symfony\\Component\\Console\\Input\\ArgvInput), Object(Symfony\\Component\\Console\\Output\\ConsoleOutput))
#4 /Users/taytus/Projects/bookworm/vendor/symfony/console/Application.php(149): Symfony\\Component\\Console\\Application->doRun(Object(Symfony\\Component\\Console\\Input\\ArgvInput), Object(Symfony\\Component\\Console\\Output\\ConsoleOutput))
#5 /Users/taytus/Projects/bookworm/vendor/laravel/framework/src/Illuminate/Console/Application.php(93): Symfony\\Component\\Console\\Application->run(Object(Symfony\\Component\\Console\\Input\\ArgvInput), Object(Symfony\\Component\\Console\\Output\\ConsoleOutput))
#6 /Users/taytus/Projects/bookworm/vendor/laravel/framework/src/Illuminate/Foundation/Console/Kernel.php(131): Illuminate\\Console\\Application->run(Object(Symfony\\Component\\Console\\Input\\ArgvInput), Object(Symfony\\Component\\Console\\Output\\ConsoleOutput))
#7 /Users/taytus/Projects/bookworm/artisan(37): Illuminate\\Foundation\\Console\\Kernel->handle(Object(Symfony\\Component\\Console\\Input\\ArgvInput), Object(Symfony\\Component\\Console\\Output\\ConsoleOutput))
#8 {main}
"} 
[2021-08-27 23:17:43] local.ERROR: copy(/Users/taytus/Projects/bookworm//package/s/first_commit.sh): failed to open stream: Permission denied {"exception":"[object] (ErrorException(code: 0): copy(/Users/taytus/Projects/bookworm//package/s/first_commit.sh): failed to open stream: Permission denied at /Users/taytus/Projects/bookworm/app/MyClasses/Directory.php:123)
[stacktrace]
#0 [internal function]: Illuminate\\Foundation\\Bootstrap\\HandleExceptions->handleError(2, 'copy(/Users/tay...', '/Users/taytus/P...', 123, Array)
#1 /Users/taytus/Projects/bookworm/app/MyClasses/Directory.php(123): copy('/Users/taytus/P...', '/Users/taytus/P...')
#2 /Users/taytus/Projects/bookworm/app/Console/Commands/package.php(79): App\\MyClasses\\Directory->copy_files_recursively('/Users/taytus/P...', '/Users/taytus/P...')
#3 /Users/taytus/Projects/bookworm/app/Console/Commands/package.php(52): App\\Console\\Commands\\package->clone_package_directory()
#4 /Users/taytus/Projects/bookworm/app/Console/Commands/package.php(49): App\\Console\\Commands\\package->create_package()
#5 /Users/taytus/Projects/bookworm/vendor/laravel/framework/src/Illuminate/Container/BoundMethod.php(36): App\\Console\\Commands\\package->handle()
#6 /Users/taytus/Projects/bookworm/vendor/laravel/framework/src/Illuminate/Container/Util.php(37): Illuminate\\Container\\BoundMethod::Illuminate\\Container\\{closure}()
#7 /Users/taytus/Projects/bookworm/vendor/laravel/framework/src/Illuminate/Container/BoundMethod.php(93): Illuminate\\Container\\Util::unwrapIfClosure(Object(Closure))
#8 /Users/taytus/Projects/bookworm/vendor/laravel/framework/src/Illuminate/Container/BoundMethod.php(37): Illuminate\\Container\\BoundMethod::callBoundMethod(Object(Illuminate\\Foundation\\Application), Array, Object(Closure))
#9 /Users/taytus/Projects/bookworm/vendor/laravel/framework/src/Illuminate/Container/Container.php(590): Illuminate\\Container\\BoundMethod::call(Object(Illuminate\\Foundation\\Application), Array, Array, NULL)
#10 /Users/taytus/Projects/bookworm/vendor/laravel/framework/src/Illuminate/Console/Command.php(134): Illuminate\\Container\\Container->call(Array)
#11 /Users/taytus/Projects/bookworm/vendor/symfony/console/Command/Command.php(255): Illuminate\\Console\\Command->execute(Object(Symfony\\Component\\Console\\Input\\ArgvInput), Object(Illuminate\\Console\\OutputStyle))
#12 /Users/taytus/Projects/bookworm/vendor/laravel/framework/src/Illuminate/Console/Command.php(121): Symfony\\Component\\Console\\Command\\Command->run(Object(Symfony\\Component\\Console\\Input\\ArgvInput), Object(Illuminate\\Console\\OutputStyle))
#13 /Users/taytus/Projects/bookworm/vendor/symfony/console/Application.php(1009): Illuminate\\Console\\Command->run(Object(Symfony\\Component\\Console\\Input\\ArgvInput), Object(Symfony\\Component\\Console\\Output\\ConsoleOutput))
#14 /Users/taytus/Projects/bookworm/vendor/symfony/console/Application.php(273): Symfony\\Component\\Console\\Application->doRunCommand(Object(App\\Console\\Commands\\package), Object(Symfony\\Component\\Console\\Input\\ArgvInput), Object(Symfony\\Component\\Console\\Output\\ConsoleOutput))
#15 /Users/taytus/Projects/bookworm/vendor/symfony/console/Application.php(149): Symfony\\Component\\Console\\Application->doRun(Object(Symfony\\Component\\Console\\Input\\ArgvInput), Object(Symfony\\Component\\Console\\Output\\ConsoleOutput))
#16 /Users/taytus/Projects/bookworm/vendor/laravel/framework/src/Illuminate/Console/Application.php(93): Symfony\\Component\\Console\\Application->run(Object(Symfony\\Component\\Console\\Input\\ArgvInput), Object(Symfony\\Component\\Console\\Output\\ConsoleOutput))
#17 /Users/taytus/Projects/bookworm/vendor/laravel/framework/src/Illuminate/Foundation/Console/Kernel.php(131): Illuminate\\Console\\Application->run(Object(Symfony\\Component\\Console\\Input\\ArgvInput), Object(Symfony\\Component\\Console\\Output\\ConsoleOutput))
#18 /Users/taytus/Projects/bookworm/artisan(37): Illuminate\\Foundation\\Console\\Kernel->handle(Object(Symfony\\Component\\Console\\Input\\ArgvInput), Object(Symfony\\Component\\Console\\Output\\ConsoleOutput))
#19 {main}
"} 
[2021-08-27 23:17:47] local.ERROR: copy(/Users/taytus/Projects/bookworm//package/s/first_commit.sh): failed to open stream: Permission denied {"exception":"[object] (ErrorException(code: 0): copy(/Users/taytus/Projects/bookworm//package/s/first_commit.sh): failed to open stream: Permission denied at /Users/taytus/Projects/bookworm/app/MyClasses/Directory.php:123)
[stacktrace]
#0 [internal function]: Illuminate\\Foundation\\Bootstrap\\HandleExceptions->handleError(2, 'copy(/Users/tay...', '/Users/taytus/P...', 123, Array)
#1 /Users/taytus/Projects/bookworm/app/MyClasses/Directory.php(123): copy('/Users/taytus/P...', '/Users/taytus/P...')
#2 /Users/taytus/Projects/bookworm/app/Console/Commands/package.php(79): App\\MyClasses\\Directory->copy_files_recursively('/Users/taytus/P...', '/Users/taytus/P...')
#3 /Users/taytus/Projects/bookworm/app/Console/Commands/package.php(52): App\\Console\\Commands\\package->clone_package_directory()
#4 /Users/taytus/Projects/bookworm/app/Console/Commands/package.php(49): App\\Console\\Commands\\package->create_package()
#5 /Users/taytus/Projects/bookworm/vendor/laravel/framework/src/Illuminate/Container/BoundMethod.php(36): App\\Console\\Commands\\package->handle()
#6 /Users/taytus/Projects/bookworm/vendor/laravel/framework/src/Illuminate/Container/Util.php(37): Illuminate\\Container\\BoundMethod::Illuminate\\Container\\{closure}()
#7 /Users/taytus/Projects/bookworm/vendor/laravel/framework/src/Illuminate/Container/BoundMethod.php(93): Illuminate\\Container\\Util::unwrapIfClosure(Object(Closure))
#8 /Users/taytus/Projects/bookworm/vendor/laravel/framework/src/Illuminate/Container/BoundMethod.php(37): Illuminate\\Container\\BoundMethod::callBoundMethod(Object(Illuminate\\Foundation\\Application), Array, Object(Closure))
#9 /Users/taytus/Projects/bookworm/vendor/laravel/framework/src/Illuminate/Container/Container.php(590): Illuminate\\Container\\BoundMethod::call(Object(Illuminate\\Foundation\\Application), Array, Array, NULL)
#10 /Users/taytus/Projects/bookworm/vendor/laravel/framework/src/Illuminate/Console/Command.php(134): Illuminate\\Container\\Container->call(Array)
#11 /Users/taytus/Projects/bookworm/vendor/symfony/console/Command/Command.php(255): Illuminate\\Console\\Command->execute(Object(Symfony\\Component\\Console\\Input\\ArgvInput), Object(Illuminate\\Console\\OutputStyle))
#12 /Users/taytus/Projects/bookworm/vendor/laravel/framework/src/Illuminate/Console/Command.php(121): Symfony\\Component\\Console\\Command\\Command->run(Object(Symfony\\Component\\Console\\Input\\ArgvInput), Object(Illuminate\\Console\\OutputStyle))
#13 /Users/taytus/Projects/bookworm/vendor/symfony/console/Application.php(1009): Illuminate\\Console\\Command->run(Object(Symfony\\Component\\Console\\Input\\ArgvInput), Object(Symfony\\Component\\Console\\Output\\ConsoleOutput))
#14 /Users/taytus/Projects/bookworm/vendor/symfony/console/Application.php(273): Symfony\\Component\\Console\\Application->doRunCommand(Object(App\\Console\\Commands\\package), Object(Symfony\\Component\\Console\\Input\\ArgvInput), Object(Symfony\\Component\\Console\\Output\\ConsoleOutput))
#15 /Users/taytus/Projects/bookworm/vendor/symfony/console/Application.php(149): Symfony\\Component\\Console\\Application->doRun(Object(Symfony\\Component\\Console\\Input\\ArgvInput), Object(Symfony\\Component\\Console\\Output\\ConsoleOutput))
#16 /Users/taytus/Projects/bookworm/vendor/laravel/framework/src/Illuminate/Console/Application.php(93): Symfony\\Component\\Console\\Application->run(Object(Symfony\\Component\\Console\\Input\\ArgvInput), Object(Symfony\\Component\\Console\\Output\\ConsoleOutput))
#17 /Users/taytus/Projects/bookworm/vendor/laravel/framework/src/Illuminate/Foundation/Console/Kernel.php(131): Illuminate\\Console\\Application->run(Object(Symfony\\Component\\Console\\Input\\ArgvInput), Object(Symfony\\Component\\Console\\Output\\ConsoleOutput))
#18 /Users/taytus/Projects/bookworm/artisan(37): Illuminate\\Foundation\\Console\\Kernel->handle(Object(Symfony\\Component\\Console\\Input\\ArgvInput), Object(Symfony\\Component\\Console\\Output\\ConsoleOutput))
#19 {main}
"} 
